#
# A fatal error has been detected by the Java Runtime Environment:
#
#  SIGSEGV (0xb) at pc=0x0000000104a462c8, pid=9765, tid=18691
#
# JRE version: Java(TM) SE Runtime Environment (8.0_74-b02) (build 1.8.0_74-b02)
# Java VM: Java HotSpot(TM) 64-Bit Server VM (25.74-b02 mixed mode bsd-amd64 compressed oops)
# Problematic frame:
# V  [libjvm.dylib+0x4462c8]  Method::checked_resolve_jmethod_id(_jmethodID*)+0xe
#
# Failed to write core dump. Core dumps have been disabled. To enable core dumping, try "ulimit -c unlimited" before starting Java again
#
# If you would like to submit a bug report, please visit:
#   http://bugreport.java.com/bugreport/crash.jsp
#

---------------  T H R E A D  ---------------

Current thread (0x00007fba8e862000):  JavaThread "JDWP Transport Listener: dt_socket" daemon [_thread_in_vm, id=18691, stack(0x0000000122b66000,0x0000000122c66000)]

siginfo: si_signo: 11 (SIGSEGV), si_code: 1 (SEGV_MAPERR), si_addr: 0x0000000000000019

Registers:
RAX=0x0000000000000001, RBX=0x0000000122c65a8b, RCX=0x0000000104e15340, RDX=0x0000000122c65a8b
RSP=0x0000000122c659d0, RBP=0x0000000122c659e0, RSI=0x00007fba8e862000, RDI=0x0000000000000019
R8 =0x0000000000000000, R9 =0x00007fba8dd00000, R10=0x0000000000000010, R11=0x00007fba8dd00000
R12=0x00007fba8e862000, R13=0x0000000000000019, R14=0x0000000000000019, R15=0x00007fba8b512a70
RIP=0x0000000104a462c8, EFLAGS=0x0000000000010202, ERR=0x0000000000000004
  TRAPNO=0x000000000000000e

Top of Stack: (sp=0x0000000122c659d0)
0x0000000122c659d0:   0000000122c65a8b 0000000122c65a8b
0x0000000122c659e0:   0000000122c65a40 00000001049552fe
0x0000000122c659f0:   00007fba8e862000 0000000000000000
0x0000000122c65a00:   0000000000000000 0000000000000000
0x0000000122c65a10:   00007fba8e862000 00007fba8e862000
0x0000000122c65a20:   0000000122c65a8b 0000000122c65a90
0x0000000122c65a30:   0000000000000019 0000000000000002
0x0000000122c65a40:   0000000122c65a60 0000000103589780
0x0000000122c65a50:   0000000000000001 0000000122c65b08
0x0000000122c65a60:   0000000122c65ad0 000000010356e1f3
0x0000000122c65a70:   0000000122c65aa0 00007fba8dd42830
0x0000000122c65a80:   0000000d00000032 f000100a01c65b08
0x0000000122c65a90:   0000000000000000 0000000000000000
0x0000000122c65aa0:   0000000000000000 0000000122c65c90
0x0000000122c65ab0:   0000000103590e7a 00007fba8b7106e0
0x0000000122c65ac0:   0000000122c65b08 000000010359c598
0x0000000122c65ad0:   0000000122c65ae0 000000010356e2ec
0x0000000122c65ae0:   0000000122c65d00 0000000103577898
0x0000000122c65af0:   00000bb700000013 00000000000f0200
0x0000000122c65b00:   00007fba8b70c170 0000000122c65bdc
0x0000000122c65b10:   00007fba000000a8 0000000122c65b20
0x0000000122c65b20:   00007fba00000084 0000000122c65b58
0x0000000122c65b30:   0000000000000000 00007f0000000000
0x0000000122c65b40:   00000bb70000001c 00007fff0000f780
0x0000000122c65b50:   0000000122c65b58 ba7f00000d000000
0x0000000122c65b60:   0600000050b84d8b 00003e74696e693c
0x0000000122c65b70:   0000005629280300 7f00000100000000
0x0000000122c65b80:   00000028edd38dba 246164626d616c08
0x0000000122c65b90:   634c283f00000030 766f796c662f6d6f
0x0000000122c65ba0:   73746f6f622f7265 74617265706f2f79
0x0000000122c65bb0:   64766f72702f726f 746e65632f737265
0x0000000122c65bc0:   2f6b6e696c797275 7365726464417049 

Instructions: (pc=0x0000000104a462c8)
0x0000000104a462a8:   40 48 48 85 c0 75 e0 30 c0 0f b6 c0 5d c3 31 c0
0x0000000104a462b8:   5d c3 55 48 89 e5 53 48 83 ec 08 48 85 ff 74 24
0x0000000104a462c8:   48 8b 1f 48 85 db 74 1c 48 83 fb 37 74 16 48 8b
0x0000000104a462d8:   03 48 89 df ff 50 10 84 c0 b8 00 00 00 00 48 0f 

Register to memory mapping:

RAX=0x0000000000000001 is an unknown value
RBX=0x0000000122c65a8b is pointing into the stack for thread: 0x00007fba8e862000
RCX=0x0000000104e15340: UseMembar+0 in /Library/Java/JavaVirtualMachines/jdk1.8.0_74.jdk/Contents/Home/jre/lib/server/libjvm.dylib at 0x0000000104600000
RDX=0x0000000122c65a8b is pointing into the stack for thread: 0x00007fba8e862000
RSP=0x0000000122c659d0 is pointing into the stack for thread: 0x00007fba8e862000
RBP=0x0000000122c659e0 is pointing into the stack for thread: 0x00007fba8e862000
RSI=0x00007fba8e862000 is a thread
RDI=0x0000000000000019 is an unknown value
R8 =0x0000000000000000 is an unknown value
R9 =0x00007fba8dd00000 is an unknown value
R10=0x0000000000000010 is an unknown value
R11=0x00007fba8dd00000 is an unknown value
R12=0x00007fba8e862000 is a thread
R13=0x0000000000000019 is an unknown value
R14=0x0000000000000019 is an unknown value
R15=0x00007fba8b512a70 is an unknown value


Stack: [0x0000000122b66000,0x0000000122c66000],  sp=0x0000000122c659d0,  free space=1022k
Native frames: (J=compiled Java code, j=interpreted, Vv=VM code, C=native code)
V  [libjvm.dylib+0x4462c8]  Method::checked_resolve_jmethod_id(_jmethodID*)+0xe
V  [libjvm.dylib+0x3552fe]  jvmti_IsMethodSynthetic+0xb2
C  [libjdwp.dylib+0x20780]  isMethodSynthetic+0x63
C  [libjdwp.dylib+0x51f3]  methods1+0x10b
C  [libjdwp.dylib+0x52ec]  methodsWithGeneric+0xe
C  [libjdwp.dylib+0xe898]  debugLoop_run+0x1ce
C  [libjdwp.dylib+0x1f6ba]  attachThread+0x4d
V  [libjvm.dylib+0x39665c]  JvmtiAgentThread::call_start_function()+0x38
V  [libjvm.dylib+0x560e03]  JavaThread::thread_main_inner()+0x9b
V  [libjvm.dylib+0x5624fe]  JavaThread::run()+0x1c2
V  [libjvm.dylib+0x482eda]  java_start(Thread*)+0xf6
C  [libsystem_pthread.dylib+0x405a]  _pthread_body+0x83
C  [libsystem_pthread.dylib+0x3fd7]  _pthread_body+0x0
C  [libsystem_pthread.dylib+0x13ed]  thread_start+0xd
C  0x0000000000000000


---------------  P R O C E S S  ---------------

Java Threads: ( => current thread )
  0x00007fba90d79000 JavaThread "pool-2-thread-4" [_thread_blocked, id=26375, stack(0x0000000125615000,0x0000000125715000)]
  0x00007fba8c38b800 JavaThread "pool-2-thread-3" [_thread_blocked, id=25859, stack(0x0000000125253000,0x0000000125353000)]
  0x00007fba8bbd3800 JavaThread "Keep-Alive-Timer" daemon [_thread_blocked, id=25347, stack(0x000000012489e000,0x000000012499e000)]
  0x00007fba8d055000 JavaThread "DestroyJavaVM" [_thread_blocked, id=4867, stack(0x0000000103423000,0x0000000103523000)]
  0x00007fba8eab2800 JavaThread "pool-2-thread-2" [_thread_blocked, id=24835, stack(0x0000000124649000,0x0000000124749000)]
  0x00007fba8ec91000 JavaThread "pool-2-thread-1" [_thread_blocked, id=24587, stack(0x000000012449c000,0x000000012459c000)]
  0x00007fba8b813800 JavaThread "Service Thread" daemon [_thread_blocked, id=22275, stack(0x000000012327b000,0x000000012337b000)]
  0x00007fba8e001800 JavaThread "C1 CompilerThread3" daemon [_thread_blocked, id=21763, stack(0x0000000123178000,0x0000000123278000)]
  0x00007fba8e002800 JavaThread "C2 CompilerThread2" daemon [_thread_blocked, id=21251, stack(0x0000000123075000,0x0000000123175000)]
  0x00007fba8e82b000 JavaThread "C2 CompilerThread1" daemon [_thread_blocked, id=20739, stack(0x0000000122f72000,0x0000000123072000)]
  0x00007fba8b814800 JavaThread "C2 CompilerThread0" daemon [_thread_blocked, id=20227, stack(0x0000000122e6f000,0x0000000122f6f000)]
  0x00007fba8c800800 JavaThread "JDWP Command Reader" daemon [_thread_in_native, id=19715, stack(0x0000000122d6c000,0x0000000122e6c000)]
  0x00007fba8e001000 JavaThread "JDWP Event Helper Thread" daemon [_thread_blocked, id=19203, stack(0x0000000122c69000,0x0000000122d69000)]
=>0x00007fba8e862000 JavaThread "JDWP Transport Listener: dt_socket" daemon [_thread_in_vm, id=18691, stack(0x0000000122b66000,0x0000000122c66000)]
  0x00007fba8e85d000 JavaThread "Signal Dispatcher" daemon [_thread_blocked, id=14615, stack(0x0000000122a5c000,0x0000000122b5c000)]
  0x00007fba8e859000 JavaThread "Finalizer" daemon [_thread_blocked, id=13571, stack(0x000000012103b000,0x000000012113b000)]
  0x00007fba8e856800 JavaThread "Reference Handler" daemon [_thread_blocked, id=13059, stack(0x0000000120f38000,0x0000000121038000)]

Other Threads:
  0x00007fba8e851800 VMThread [stack: 0x0000000120e35000,0x0000000120f35000] [id=12547]
  0x00007fba8e82c000 WatcherThread [stack: 0x000000012337e000,0x000000012347e000] [id=22787]

VM state:not at safepoint (normal execution)

VM Mutex/Monitor currently owned by a thread: None

Heap:
 PSYoungGen      total 76288K, used 51181K [0x000000076ab00000, 0x0000000774000000, 0x00000007c0000000)
  eden space 65536K, 78% used [0x000000076ab00000,0x000000076dcfb720,0x000000076eb00000)
  from space 10752K, 0% used [0x000000076f580000,0x000000076f580000,0x0000000770000000)
  to   space 10752K, 0% used [0x000000076eb00000,0x000000076eb00000,0x000000076f580000)
 ParOldGen       total 101376K, used 9849K [0x00000006c0000000, 0x00000006c6300000, 0x000000076ab00000)
  object space 101376K, 9% used [0x00000006c0000000,0x00000006c099e730,0x00000006c6300000)
 Metaspace       used 28076K, capacity 28428K, committed 28672K, reserved 1075200K
  class space    used 3368K, capacity 3474K, committed 3584K, reserved 1048576K

Card table byte_map: [0x000000011494f000,0x0000000115150000] byte_map_base: 0x000000011134f000

Marking Bits: (ParMarkBitMap*) 0x0000000104ee3ea0
 Begin Bits: [0x0000000115ebe000, 0x0000000119ebe000)
 End Bits:   [0x0000000119ebe000, 0x000000011debe000)

Polling page: 0x0000000103568000

CodeCache: size=245760Kb used=8016Kb max_used=8016Kb free=237743Kb
 bounds [0x000000010558f000, 0x0000000105d6f000, 0x000000011458f000]
 total_blobs=2657 nmethods=2216 adapters=362
 compilation: enabled

Compilation events (10 events):
Event: 39.991 Thread 0x00007fba8e001800 2223   !   3       com.fasterxml.jackson.databind.deser.std.StdValueInstantiator::createUsingDefault (41 bytes)
Event: 39.992 Thread 0x00007fba8e001800 nmethod 2223 0x0000000105d64ed0 code [0x0000000105d65100, 0x0000000105d65f98]
Event: 40.100 Thread 0x00007fba8e001800 2225       3       com.fasterxml.jackson.databind.deser.std.StringDeserializer::deserialize (7 bytes)
Event: 40.101 Thread 0x00007fba8e001800 nmethod 2225 0x0000000105d302d0 code [0x0000000105d30440, 0x0000000105d30668]
Event: 40.101 Thread 0x00007fba8e001800 2226       3       com.fasterxml.jackson.databind.deser.std.StringDeserializer::deserialize (112 bytes)
Event: 40.102 Thread 0x00007fba8e001800 nmethod 2226 0x0000000105d66450 code [0x0000000105d666c0, 0x0000000105d67838]
Event: 40.102 Thread 0x00007fba8e001800 2227       3       com.fasterxml.jackson.core.sym.ByteQuadsCanonicalizer::findName (168 bytes)
Event: 40.103 Thread 0x00007fba8e001800 nmethod 2227 0x0000000105d67d10 code [0x0000000105d67ee0, 0x0000000105d68618]
Event: 40.103 Thread 0x00007fba8e001800 2224       1       com.fasterxml.jackson.databind.JsonDeserializer::getObjectIdReader (2 bytes)
Event: 40.103 Thread 0x00007fba8e001800 nmethod 2224 0x0000000105d2c790 code [0x0000000105d2c8e0, 0x0000000105d2c9f0]

GC Heap History (6 events):
Event: 2.087 GC heap before
{Heap before GC invocations=1 (full 0):
 PSYoungGen      total 76288K, used 65536K [0x000000076ab00000, 0x0000000770000000, 0x00000007c0000000)
  eden space 65536K, 100% used [0x000000076ab00000,0x000000076eb00000,0x000000076eb00000)
  from space 10752K, 0% used [0x000000076f580000,0x000000076f580000,0x0000000770000000)
  to   space 10752K, 0% used [0x000000076eb00000,0x000000076eb00000,0x000000076f580000)
 ParOldGen       total 175104K, used 0K [0x00000006c0000000, 0x00000006cab00000, 0x000000076ab00000)
  object space 175104K, 0% used [0x00000006c0000000,0x00000006c0000000,0x00000006cab00000)
 Metaspace       used 13247K, capacity 13362K, committed 13440K, reserved 1060864K
  class space    used 1638K, capacity 1664K, committed 1664K, reserved 1048576K
Event: 2.093 GC heap after
Heap after GC invocations=1 (full 0):
 PSYoungGen      total 76288K, used 8625K [0x000000076ab00000, 0x0000000770000000, 0x00000007c0000000)
  eden space 65536K, 0% used [0x000000076ab00000,0x000000076ab00000,0x000000076eb00000)
  from space 10752K, 80% used [0x000000076eb00000,0x000000076f36c5a0,0x000000076f580000)
  to   space 10752K, 0% used [0x000000076f580000,0x000000076f580000,0x0000000770000000)
 ParOldGen       total 175104K, used 16K [0x00000006c0000000, 0x00000006cab00000, 0x000000076ab00000)
  object space 175104K, 0% used [0x00000006c0000000,0x00000006c0004000,0x00000006cab00000)
 Metaspace       used 13247K, capacity 13362K, committed 13440K, reserved 1060864K
  class space    used 1638K, capacity 1664K, committed 1664K, reserved 1048576K
}
Event: 2.374 GC heap before
{Heap before GC invocations=2 (full 0):
 PSYoungGen      total 76288K, used 66130K [0x000000076ab00000, 0x0000000770000000, 0x00000007c0000000)
  eden space 65536K, 87% used [0x000000076ab00000,0x000000076e328440,0x000000076eb00000)
  from space 10752K, 80% used [0x000000076eb00000,0x000000076f36c5a0,0x000000076f580000)
  to   space 10752K, 0% used [0x000000076f580000,0x000000076f580000,0x0000000770000000)
 ParOldGen       total 175104K, used 16K [0x00000006c0000000, 0x00000006cab00000, 0x000000076ab00000)
  object space 175104K, 0% used [0x00000006c0000000,0x00000006c0004000,0x00000006cab00000)
 Metaspace       used 20928K, capacity 21064K, committed 21296K, reserved 1069056K
  class space    used 2549K, capacity 2611K, committed 2688K, reserved 1048576K
Event: 2.381 GC heap after
Heap after GC invocations=2 (full 0):
 PSYoungGen      total 76288K, used 10366K [0x000000076ab00000, 0x0000000774000000, 0x00000007c0000000)
  eden space 65536K, 0% used [0x000000076ab00000,0x000000076ab00000,0x000000076eb00000)
  from space 10752K, 96% used [0x000000076f580000,0x000000076ff9fb50,0x0000000770000000)
  to   space 10752K, 0% used [0x000000076eb00000,0x000000076eb00000,0x000000076f580000)
 ParOldGen       total 175104K, used 24K [0x00000006c0000000, 0x00000006cab00000, 0x000000076ab00000)
  object space 175104K, 0% used [0x00000006c0000000,0x00000006c0006000,0x00000006cab00000)
 Metaspace       used 20928K, capacity 21064K, committed 21296K, reserved 1069056K
  class space    used 2549K, capacity 2611K, committed 2688K, reserved 1048576K
}
Event: 2.381 GC heap before
{Heap before GC invocations=3 (full 1):
 PSYoungGen      total 76288K, used 10366K [0x000000076ab00000, 0x0000000774000000, 0x00000007c0000000)
  eden space 65536K, 0% used [0x000000076ab00000,0x000000076ab00000,0x000000076eb00000)
  from space 10752K, 96% used [0x000000076f580000,0x000000076ff9fb50,0x0000000770000000)
  to   space 10752K, 0% used [0x000000076eb00000,0x000000076eb00000,0x000000076f580000)
 ParOldGen       total 175104K, used 24K [0x00000006c0000000, 0x00000006cab00000, 0x000000076ab00000)
  object space 175104K, 0% used [0x00000006c0000000,0x00000006c0006000,0x00000006cab00000)
 Metaspace       used 20928K, capacity 21064K, committed 21296K, reserved 1069056K
  class space    used 2549K, capacity 2611K, committed 2688K, reserved 1048576K
Event: 2.402 GC heap after
Heap after GC invocations=3 (full 1):
 PSYoungGen      total 76288K, used 0K [0x000000076ab00000, 0x0000000774000000, 0x00000007c0000000)
  eden space 65536K, 0% used [0x000000076ab00000,0x000000076ab00000,0x000000076eb00000)
  from space 10752K, 0% used [0x000000076f580000,0x000000076f580000,0x0000000770000000)
  to   space 10752K, 0% used [0x000000076eb00000,0x000000076eb00000,0x000000076f580000)
 ParOldGen       total 101376K, used 9849K [0x00000006c0000000, 0x00000006c6300000, 0x000000076ab00000)
  object space 101376K, 9% used [0x00000006c0000000,0x00000006c099e730,0x00000006c6300000)
 Metaspace       used 20928K, capacity 21064K, committed 21296K, reserved 1069056K
  class space    used 2549K, capacity 2611K, committed 2688K, reserved 1048576K
}

Deoptimization events (10 events):
Event: 6.952 Thread 0x00007fba8eab2800 Uncommon trap: reason=unhandled action=none pc=0x0000000105a530fc method=java.net.URLClassLoader.findClass(Ljava/lang/String;)Ljava/lang/Class; @ 44
Event: 6.953 Thread 0x00007fba8eab2800 Uncommon trap: reason=unhandled action=none pc=0x0000000105a530fc method=java.net.URLClassLoader.findClass(Ljava/lang/String;)Ljava/lang/Class; @ 44
Event: 6.953 Thread 0x00007fba8eab2800 Uncommon trap: reason=unhandled action=none pc=0x0000000105a530fc method=java.net.URLClassLoader.findClass(Ljava/lang/String;)Ljava/lang/Class; @ 44
Event: 6.954 Thread 0x00007fba8eab2800 Uncommon trap: reason=range_check action=none pc=0x000000010581e8ec method=sun.reflect.generics.parser.SignatureParser.current()C @ 34
Event: 6.954 Thread 0x00007fba8eab2800 Uncommon trap: reason=range_check action=none pc=0x000000010581e8ec method=sun.reflect.generics.parser.SignatureParser.current()C @ 34
Event: 6.955 Thread 0x00007fba8eab2800 Uncommon trap: reason=range_check action=none pc=0x000000010581e8ec method=sun.reflect.generics.parser.SignatureParser.current()C @ 34
Event: 6.955 Thread 0x00007fba8eab2800 Uncommon trap: reason=range_check action=none pc=0x000000010581e8ec method=sun.reflect.generics.parser.SignatureParser.current()C @ 34
Event: 6.955 Thread 0x00007fba8eab2800 Uncommon trap: reason=range_check action=none pc=0x000000010581e8ec method=sun.reflect.generics.parser.SignatureParser.current()C @ 34
Event: 6.956 Thread 0x00007fba8eab2800 Uncommon trap: reason=unhandled action=none pc=0x0000000105a530fc method=java.net.URLClassLoader.findClass(Ljava/lang/String;)Ljava/lang/Class; @ 44
Event: 8.646 Thread 0x00007fba8eab2800 Uncommon trap: reason=unhandled action=none pc=0x0000000105a530fc method=java.net.URLClassLoader.findClass(Ljava/lang/String;)Ljava/lang/Class; @ 44

Internal exceptions (10 events):
Event: 6.263 Thread 0x00007fba8eab2800 Implicit null exception at 0x0000000105be22b8 to 0x0000000105be23f5
Event: 6.891 Thread 0x00007fba8eab2800 Exception <a 'java/lang/NoClassDefFoundError': org/apache/log/format/Formatter> (0x000000076d3b5470) thrown at [/Users/java_re/workspace/8-2-build-macosx-x86_64/jdk8u74/6087/hotspot/src/share/vm/classfile/systemDictionary.cpp, line 199]
Event: 6.891 Thread 0x00007fba8eab2800 Exception <a 'java/lang/NoClassDefFoundError': org/apache/log4j/Layout> (0x000000076d3c76d8) thrown at [/Users/java_re/workspace/8-2-build-macosx-x86_64/jdk8u74/6087/hotspot/src/share/vm/classfile/systemDictionary.cpp, line 199]
Event: 6.949 Thread 0x00007fba8eab2800 Exception <a 'java/lang/ArrayIndexOutOfBoundsException': 28> (0x000000076d956890) thrown at [/Users/java_re/workspace/8-2-build-macosx-x86_64/jdk8u74/6087/hotspot/src/share/vm/interpreter/interpreterRuntime.cpp, line 366]
Event: 6.954 Thread 0x00007fba8eab2800 Exception <a 'java/lang/ArrayIndexOutOfBoundsException': 76> (0x000000076da3e5d8) thrown at [/Users/java_re/workspace/8-2-build-macosx-x86_64/jdk8u74/6087/hotspot/src/share/vm/interpreter/interpreterRuntime.cpp, line 366]
Event: 6.954 Thread 0x00007fba8eab2800 Exception <a 'java/lang/ArrayIndexOutOfBoundsException': 31> (0x000000076da41bc8) thrown at [/Users/java_re/workspace/8-2-build-macosx-x86_64/jdk8u74/6087/hotspot/src/share/vm/interpreter/interpreterRuntime.cpp, line 366]
Event: 6.955 Thread 0x00007fba8eab2800 Exception <a 'java/lang/ArrayIndexOutOfBoundsException': 31> (0x000000076da49988) thrown at [/Users/java_re/workspace/8-2-build-macosx-x86_64/jdk8u74/6087/hotspot/src/share/vm/interpreter/interpreterRuntime.cpp, line 366]
Event: 6.955 Thread 0x00007fba8eab2800 Exception <a 'java/lang/ArrayIndexOutOfBoundsException': 28> (0x000000076da4c1c0) thrown at [/Users/java_re/workspace/8-2-build-macosx-x86_64/jdk8u74/6087/hotspot/src/share/vm/interpreter/interpreterRuntime.cpp, line 366]
Event: 6.955 Thread 0x00007fba8eab2800 Exception <a 'java/lang/ArrayIndexOutOfBoundsException': 83> (0x000000076da53a78) thrown at [/Users/java_re/workspace/8-2-build-macosx-x86_64/jdk8u74/6087/hotspot/src/share/vm/interpreter/interpreterRuntime.cpp, line 366]
Event: 6.961 Thread 0x00007fba8eab2800 Exception <a 'java/net/SocketTimeoutException': Read timed out> (0x000000076da6f5d0) thrown at [/Users/java_re/workspace/8-2-build-macosx-x86_64/jdk8u74/6087/hotspot/src/share/vm/prims/jni.cpp, line 735]

Events (10 events):
Event: 41.329 Executing VM operation: EnterInterpOnlyMode
Event: 41.329 Executing nested VM operation: Deoptimize
Event: 41.329 Executing nested VM operation: Deoptimize done
Event: 41.329 Executing VM operation: EnterInterpOnlyMode done
Event: 41.329 Executing VM operation: ChangeSingleStep
Event: 41.329 Executing VM operation: ChangeSingleStep done
Event: 41.329 Executing VM operation: ChangeSingleStep
Event: 41.329 Executing VM operation: ChangeSingleStep done
Event: 41.353 Executing VM operation: RedefineClasses
Event: 41.366 Executing VM operation: RedefineClasses done


Dynamic libraries:
0x000000000160a000 	/System/Library/Frameworks/Cocoa.framework/Versions/A/Cocoa
0x000000000160a000 	/System/Library/Frameworks/Security.framework/Versions/A/Security
0x000000000160a000 	/System/Library/Frameworks/ApplicationServices.framework/Versions/A/ApplicationServices
0x000000000160a000 	/usr/lib/libz.1.dylib
0x000000000160a000 	/usr/lib/libSystem.B.dylib
0x000000000160a000 	/usr/lib/libobjc.A.dylib
0x000000000160a000 	/System/Library/Frameworks/CoreFoundation.framework/Versions/A/CoreFoundation
0x000000000160a000 	/System/Library/Frameworks/Foundation.framework/Versions/C/Foundation
0x000000000160a000 	/System/Library/Frameworks/AppKit.framework/Versions/C/AppKit
0x000000000160a000 	/System/Library/Frameworks/CoreData.framework/Versions/A/CoreData
0x000000000160a000 	/System/Library/PrivateFrameworks/RemoteViewServices.framework/Versions/A/RemoteViewServices
0x000000000160a000 	/System/Library/PrivateFrameworks/UIFoundation.framework/Versions/A/UIFoundation
0x000000000160a000 	/System/Library/Frameworks/IOSurface.framework/Versions/A/IOSurface
0x000000000160a000 	/System/Library/Frameworks/AudioToolbox.framework/Versions/A/AudioToolbox
0x000000000160a000 	/System/Library/Frameworks/AudioUnit.framework/Versions/A/AudioUnit
0x000000000160a000 	/System/Library/PrivateFrameworks/DataDetectorsCore.framework/Versions/A/DataDetectorsCore
0x000000000160a000 	/System/Library/PrivateFrameworks/DesktopServicesPriv.framework/Versions/A/DesktopServicesPriv
0x000000000160a000 	/System/Library/Frameworks/Carbon.framework/Versions/A/Frameworks/HIToolbox.framework/Versions/A/HIToolbox
0x000000000160a000 	/System/Library/Frameworks/QuartzCore.framework/Versions/A/QuartzCore
0x000000000160a000 	/System/Library/Frameworks/Carbon.framework/Versions/A/Frameworks/SpeechRecognition.framework/Versions/A/SpeechRecognition
0x000000000160a000 	/usr/lib/libauto.dylib
0x000000000160a000 	/usr/lib/libicucore.A.dylib
0x000000000160a000 	/usr/lib/libxml2.2.dylib
0x000000000160a000 	/System/Library/PrivateFrameworks/CoreUI.framework/Versions/A/CoreUI
0x000000000160a000 	/System/Library/Frameworks/CoreAudio.framework/Versions/A/CoreAudio
0x000000000160a000 	/System/Library/Frameworks/DiskArbitration.framework/Versions/A/DiskArbitration
0x000000000160a000 	/usr/lib/liblangid.dylib
0x000000000160a000 	/System/Library/PrivateFrameworks/MultitouchSupport.framework/Versions/A/MultitouchSupport
0x000000000160a000 	/System/Library/Frameworks/IOKit.framework/Versions/A/IOKit
0x000000000160a000 	/usr/lib/libDiagnosticMessagesClient.dylib
0x000000000160a000 	/System/Library/Frameworks/CoreServices.framework/Versions/A/CoreServices
0x000000000160a000 	/System/Library/PrivateFrameworks/PerformanceAnalysis.framework/Versions/A/PerformanceAnalysis
0x000000000160a000 	/System/Library/PrivateFrameworks/GenerationalStorage.framework/Versions/A/GenerationalStorage
0x000000000160a000 	/System/Library/Frameworks/OpenGL.framework/Versions/A/OpenGL
0x000000000160a000 	/System/Library/PrivateFrameworks/Sharing.framework/Versions/A/Sharing
0x000000000160a000 	/System/Library/Frameworks/CoreGraphics.framework/Versions/A/CoreGraphics
0x000000000160a000 	/System/Library/Frameworks/CoreText.framework/Versions/A/CoreText
0x000000000160a000 	/System/Library/Frameworks/ImageIO.framework/Versions/A/ImageIO
0x000000000160a000 	/usr/lib/libextension.dylib
0x000000000160a000 	/System/Library/PrivateFrameworks/Backup.framework/Versions/A/Backup
0x000000000160a000 	/usr/lib/libarchive.2.dylib
0x000000000160a000 	/System/Library/Frameworks/CFNetwork.framework/Versions/A/CFNetwork
0x000000000160a000 	/System/Library/Frameworks/SystemConfiguration.framework/Versions/A/SystemConfiguration
0x000000000160a000 	/usr/lib/libCRFSuite.dylib
0x000000000160a000 	/usr/lib/libc++.1.dylib
0x000000000160a000 	/usr/lib/libc++abi.dylib
0x000000000160a000 	/usr/lib/system/libcache.dylib
0x000000000160a000 	/usr/lib/system/libcommonCrypto.dylib
0x000000000160a000 	/usr/lib/system/libcompiler_rt.dylib
0x000000000160a000 	/usr/lib/system/libcopyfile.dylib
0x000000000160a000 	/usr/lib/system/libcorecrypto.dylib
0x000000000160a000 	/usr/lib/system/libdispatch.dylib
0x000000000160a000 	/usr/lib/system/libdyld.dylib
0x000000000160a000 	/usr/lib/system/libkeymgr.dylib
0x000000000160a000 	/usr/lib/system/liblaunch.dylib
0x000000000160a000 	/usr/lib/system/libmacho.dylib
0x000000000160a000 	/usr/lib/system/libquarantine.dylib
0x000000000160a000 	/usr/lib/system/libremovefile.dylib
0x000000000160a000 	/usr/lib/system/libsystem_asl.dylib
0x000000000160a000 	/usr/lib/system/libsystem_blocks.dylib
0x000000000160a000 	/usr/lib/system/libsystem_c.dylib
0x000000000160a000 	/usr/lib/system/libsystem_configuration.dylib
0x000000000160a000 	/usr/lib/system/libsystem_coreservices.dylib
0x000000000160a000 	/usr/lib/system/libsystem_coretls.dylib
0x000000000160a000 	/usr/lib/system/libsystem_dnssd.dylib
0x000000000160a000 	/usr/lib/system/libsystem_info.dylib
0x000000000160a000 	/usr/lib/system/libsystem_kernel.dylib
0x000000000160a000 	/usr/lib/system/libsystem_m.dylib
0x000000000160a000 	/usr/lib/system/libsystem_malloc.dylib
0x000000000160a000 	/usr/lib/system/libsystem_network.dylib
0x000000000160a000 	/usr/lib/system/libsystem_networkextension.dylib
0x000000000160a000 	/usr/lib/system/libsystem_notify.dylib
0x000000000160a000 	/usr/lib/system/libsystem_platform.dylib
0x000000000160a000 	/usr/lib/system/libsystem_pthread.dylib
0x000000000160a000 	/usr/lib/system/libsystem_sandbox.dylib
0x000000000160a000 	/usr/lib/system/libsystem_secinit.dylib
0x000000000160a000 	/usr/lib/system/libsystem_stats.dylib
0x000000000160a000 	/usr/lib/system/libsystem_trace.dylib
0x000000000160a000 	/usr/lib/system/libunc.dylib
0x000000000160a000 	/usr/lib/system/libunwind.dylib
0x000000000160a000 	/usr/lib/system/libxpc.dylib
0x000000000160a000 	/usr/lib/libbz2.1.0.dylib
0x000000000160a000 	/usr/lib/liblzma.5.dylib
0x000000000160a000 	/usr/lib/libbsm.0.dylib
0x000000000160a000 	/usr/lib/libsqlite3.dylib
0x000000000160a000 	/usr/lib/system/libkxld.dylib
0x000000000160a000 	/usr/lib/libxar.1.dylib
0x000000000160a000 	/usr/lib/libpam.2.dylib
0x000000000160a000 	/usr/lib/libOpenScriptingUtil.dylib
0x000000000160a000 	/System/Library/Frameworks/CoreServices.framework/Versions/A/Frameworks/FSEvents.framework/Versions/A/FSEvents
0x000000000160a000 	/System/Library/Frameworks/CoreServices.framework/Versions/A/Frameworks/CarbonCore.framework/Versions/A/CarbonCore
0x000000000160a000 	/System/Library/Frameworks/CoreServices.framework/Versions/A/Frameworks/Metadata.framework/Versions/A/Metadata
0x000000000160a000 	/System/Library/Frameworks/CoreServices.framework/Versions/A/Frameworks/OSServices.framework/Versions/A/OSServices
0x000000000160a000 	/System/Library/Frameworks/CoreServices.framework/Versions/A/Frameworks/SearchKit.framework/Versions/A/SearchKit
0x000000000160a000 	/System/Library/Frameworks/CoreServices.framework/Versions/A/Frameworks/AE.framework/Versions/A/AE
0x000000000160a000 	/System/Library/Frameworks/CoreServices.framework/Versions/A/Frameworks/LaunchServices.framework/Versions/A/LaunchServices
0x000000000160a000 	/System/Library/Frameworks/CoreServices.framework/Versions/A/Frameworks/DictionaryServices.framework/Versions/A/DictionaryServices
0x000000000160a000 	/System/Library/Frameworks/NetFS.framework/Versions/A/NetFS
0x000000000160a000 	/System/Library/PrivateFrameworks/NetAuth.framework/Versions/A/NetAuth
0x000000000160a000 	/System/Library/PrivateFrameworks/login.framework/Versions/A/Frameworks/loginsupport.framework/Versions/A/loginsupport
0x000000000160a000 	/System/Library/PrivateFrameworks/TCC.framework/Versions/A/TCC
0x000000000160a000 	/usr/lib/libmecabra.dylib
0x000000000160a000 	/System/Library/Frameworks/ApplicationServices.framework/Versions/A/Frameworks/ATS.framework/Versions/A/ATS
0x000000000160a000 	/System/Library/Frameworks/ApplicationServices.framework/Versions/A/Frameworks/ColorSync.framework/Versions/A/ColorSync
0x000000000160a000 	/System/Library/Frameworks/ApplicationServices.framework/Versions/A/Frameworks/HIServices.framework/Versions/A/HIServices
0x000000000160a000 	/System/Library/Frameworks/ApplicationServices.framework/Versions/A/Frameworks/LangAnalysis.framework/Versions/A/LangAnalysis
0x000000000160a000 	/System/Library/Frameworks/ApplicationServices.framework/Versions/A/Frameworks/PrintCore.framework/Versions/A/PrintCore
0x000000000160a000 	/System/Library/Frameworks/ApplicationServices.framework/Versions/A/Frameworks/QD.framework/Versions/A/QD
0x000000000160a000 	/System/Library/Frameworks/ApplicationServices.framework/Versions/A/Frameworks/SpeechSynthesis.framework/Versions/A/SpeechSynthesis
0x000000000160a000 	/System/Library/Frameworks/Accelerate.framework/Versions/A/Accelerate
0x000000000160a000 	/System/Library/Frameworks/Accelerate.framework/Versions/A/Frameworks/vImage.framework/Versions/A/vImage
0x000000000160a000 	/System/Library/Frameworks/Accelerate.framework/Versions/A/Frameworks/vecLib.framework/Versions/A/vecLib
0x000000000160a000 	/System/Library/Frameworks/Accelerate.framework/Versions/A/Frameworks/vecLib.framework/Versions/A/libvDSP.dylib
0x000000000160a000 	/System/Library/Frameworks/Accelerate.framework/Versions/A/Frameworks/vecLib.framework/Versions/A/libvMisc.dylib
0x000000000160a000 	/System/Library/Frameworks/Accelerate.framework/Versions/A/Frameworks/vecLib.framework/Versions/A/libLAPACK.dylib
0x000000000160a000 	/System/Library/Frameworks/Accelerate.framework/Versions/A/Frameworks/vecLib.framework/Versions/A/libBLAS.dylib
0x000000000160a000 	/System/Library/Frameworks/Accelerate.framework/Versions/A/Frameworks/vecLib.framework/Versions/A/libLinearAlgebra.dylib
0x000000000160a000 	/System/Library/Frameworks/ApplicationServices.framework/Versions/A/Frameworks/ATS.framework/Versions/A/Resources/libFontParser.dylib
0x000000000160a000 	/System/Library/Frameworks/ApplicationServices.framework/Versions/A/Frameworks/ATS.framework/Versions/A/Resources/libFontRegistry.dylib
0x000000000160a000 	/System/Library/PrivateFrameworks/AppleVPA.framework/Versions/A/AppleVPA
0x000000000160a000 	/System/Library/PrivateFrameworks/AppleJPEG.framework/Versions/A/AppleJPEG
0x000000000160a000 	/System/Library/Frameworks/ImageIO.framework/Versions/A/Resources/libJPEG.dylib
0x000000000160a000 	/System/Library/Frameworks/ImageIO.framework/Versions/A/Resources/libTIFF.dylib
0x000000000160a000 	/System/Library/Frameworks/ImageIO.framework/Versions/A/Resources/libPng.dylib
0x000000000160a000 	/System/Library/Frameworks/ImageIO.framework/Versions/A/Resources/libGIF.dylib
0x000000000160a000 	/System/Library/Frameworks/ImageIO.framework/Versions/A/Resources/libJP2.dylib
0x000000000160a000 	/System/Library/Frameworks/ImageIO.framework/Versions/A/Resources/libRadiance.dylib
0x000000000160a000 	/System/Library/Frameworks/CoreVideo.framework/Versions/A/CoreVideo
0x000000000160a000 	/System/Library/Frameworks/OpenGL.framework/Versions/A/Libraries/libGLU.dylib
0x000000000160a000 	/System/Library/Frameworks/OpenGL.framework/Versions/A/Libraries/libGFXShared.dylib
0x000000000160a000 	/System/Library/Frameworks/OpenGL.framework/Versions/A/Libraries/libGL.dylib
0x000000000160a000 	/System/Library/Frameworks/OpenGL.framework/Versions/A/Libraries/libGLImage.dylib
0x000000000160a000 	/System/Library/Frameworks/OpenGL.framework/Versions/A/Libraries/libCVMSPluginSupport.dylib
0x000000000160a000 	/System/Library/Frameworks/OpenGL.framework/Versions/A/Libraries/libCoreVMClient.dylib
0x000000000160a000 	/usr/lib/libcups.2.dylib
0x000000000160a000 	/System/Library/Frameworks/Kerberos.framework/Versions/A/Kerberos
0x000000000160a000 	/System/Library/Frameworks/GSS.framework/Versions/A/GSS
0x000000000160a000 	/usr/lib/libresolv.9.dylib
0x000000000160a000 	/usr/lib/libiconv.2.dylib
0x000000000160a000 	/System/Library/PrivateFrameworks/Heimdal.framework/Versions/A/Heimdal
0x000000000160a000 	/usr/lib/libheimdal-asn1.dylib
0x000000000160a000 	/System/Library/Frameworks/OpenDirectory.framework/Versions/A/OpenDirectory
0x000000000160a000 	/System/Library/PrivateFrameworks/CommonAuth.framework/Versions/A/CommonAuth
0x000000000160a000 	/System/Library/Frameworks/OpenDirectory.framework/Versions/A/Frameworks/CFOpenDirectory.framework/Versions/A/CFOpenDirectory
0x000000000160a000 	/System/Library/Frameworks/SecurityFoundation.framework/Versions/A/SecurityFoundation
0x000000000160a000 	/System/Library/PrivateFrameworks/LanguageModeling.framework/Versions/A/LanguageModeling
0x000000000160a000 	/usr/lib/libcmph.dylib
0x000000000160a000 	/System/Library/Frameworks/ServiceManagement.framework/Versions/A/ServiceManagement
0x000000000160a000 	/usr/lib/libxslt.1.dylib
0x000000000160a000 	/System/Library/Frameworks/Carbon.framework/Versions/A/Frameworks/Ink.framework/Versions/A/Ink
0x000000000160a000 	/System/Library/Frameworks/QuartzCore.framework/Versions/A/Frameworks/CoreImage.framework/Versions/A/CoreImage
0x000000000160a000 	/System/Library/PrivateFrameworks/CrashReporterSupport.framework/Versions/A/CrashReporterSupport
0x000000000160a000 	/System/Library/Frameworks/OpenCL.framework/Versions/A/OpenCL
0x000000000160a000 	/System/Library/PrivateFrameworks/FaceCore.framework/Versions/A/FaceCore
0x000000000160a000 	/System/Library/PrivateFrameworks/Ubiquity.framework/Versions/A/Ubiquity
0x000000000160a000 	/System/Library/PrivateFrameworks/IconServices.framework/Versions/A/IconServices
0x000000000160a000 	/System/Library/PrivateFrameworks/ChunkingLibrary.framework/Versions/A/ChunkingLibrary
0x000000000160a000 	/System/Library/PrivateFrameworks/Apple80211.framework/Versions/A/Apple80211
0x000000000160a000 	/System/Library/Frameworks/CoreWLAN.framework/Versions/A/CoreWLAN
0x000000000160a000 	/System/Library/Frameworks/IOBluetooth.framework/Versions/A/IOBluetooth
0x000000000160a000 	/System/Library/PrivateFrameworks/CoreWiFi.framework/Versions/A/CoreWiFi
0x000000000160a000 	/System/Library/Frameworks/CoreBluetooth.framework/Versions/A/CoreBluetooth
0x000000000160a000 	/System/Library/PrivateFrameworks/DebugSymbols.framework/Versions/A/DebugSymbols
0x000000000160a000 	/System/Library/PrivateFrameworks/CoreSymbolication.framework/Versions/A/CoreSymbolication
0x000000000160a000 	/System/Library/PrivateFrameworks/Symbolication.framework/Versions/A/Symbolication
0x000000000160a000 	/System/Library/PrivateFrameworks/SpeechRecognitionCore.framework/Versions/A/SpeechRecognitionCore
0x0000000104600000 	/Library/Java/JavaVirtualMachines/jdk1.8.0_74.jdk/Contents/Home/jre/lib/server/libjvm.dylib
0x000000000160a000 	/usr/lib/libstdc++.6.dylib
0x0000000103525000 	/Library/Java/JavaVirtualMachines/jdk1.8.0_74.jdk/Contents/Home/jre/lib/libverify.dylib
0x0000000103533000 	/Library/Java/JavaVirtualMachines/jdk1.8.0_74.jdk/Contents/Home/jre/lib/libjava.dylib
0x0000000103569000 	/Library/Java/JavaVirtualMachines/jdk1.8.0_74.jdk/Contents/Home/jre/lib/libjdwp.dylib
0x00000001035b4000 	/Library/Java/JavaVirtualMachines/jdk1.8.0_74.jdk/Contents/Home/jre/lib/libnpt.dylib
0x00000001035c1000 	/Library/Java/JavaVirtualMachines/jdk1.8.0_74.jdk/Contents/Home/jre/lib/libzip.dylib
0x000000012113d000 	/System/Library/Frameworks/JavaVM.framework/Frameworks/JavaRuntimeSupport.framework/JavaRuntimeSupport
0x0000000121158000 	/System/Library/Frameworks/JavaVM.framework/Versions/A/Frameworks/JavaNativeFoundation.framework/Versions/A/JavaNativeFoundation
0x00000001035f3000 	/System/Library/Frameworks/JavaVM.framework/Versions/A/JavaVM
0x000000000160a000 	/System/Library/Frameworks/Carbon.framework/Versions/A/Carbon
0x000000012116d000 	/System/Library/PrivateFrameworks/JavaLaunching.framework/Versions/A/JavaLaunching
0x000000000160a000 	/System/Library/Frameworks/Carbon.framework/Versions/A/Frameworks/CommonPanels.framework/Versions/A/CommonPanels
0x000000000160a000 	/System/Library/Frameworks/Carbon.framework/Versions/A/Frameworks/Help.framework/Versions/A/Help
0x000000000160a000 	/System/Library/Frameworks/Carbon.framework/Versions/A/Frameworks/ImageCapture.framework/Versions/A/ImageCapture
0x000000000160a000 	/System/Library/Frameworks/Carbon.framework/Versions/A/Frameworks/OpenScripting.framework/Versions/A/OpenScripting
0x000000000160a000 	/System/Library/Frameworks/Carbon.framework/Versions/A/Frameworks/Print.framework/Versions/A/Print
0x000000000160a000 	/System/Library/Frameworks/Carbon.framework/Versions/A/Frameworks/SecurityHI.framework/Versions/A/SecurityHI
0x0000000122b5e000 	/Library/Java/JavaVirtualMachines/jdk1.8.0_74.jdk/Contents/Home/jre/lib/libdt_socket.dylib
0x00000001238d8000 	/Library/Java/JavaVirtualMachines/jdk1.8.0_74.jdk/Contents/Home/jre/lib/libmanagement.dylib
0x000000012392e000 	/Library/Java/JavaVirtualMachines/jdk1.8.0_74.jdk/Contents/Home/jre/lib/libnet.dylib
0x0000000123eb5000 	/Library/Java/JavaVirtualMachines/jdk1.8.0_74.jdk/Contents/Home/jre/lib/libnio.dylib
0x0000000123acf000 	/Library/Java/JavaVirtualMachines/jdk1.8.0_74.jdk/Contents/Home/jre/lib/libsunec.dylib

VM Arguments:
jvm_args: -agentlib:jdwp=transport=dt_socket,suspend=y,address=localhost:55046 -Dfile.encoding=UTF-8 
java_command: com.flyover.bootsy.operator.Application --bootsy.k8s.endpoint=http://10.82.98.33:8080
java_class_path (initial): /Users/mramach/projects_001/bootsy/bootsy-operator/target/classes:/app/apache-maven-repo/org/springframework/boot/spring-boot-starter/1.5.6.RELEASE/spring-boot-starter-1.5.6.RELEASE.jar:/app/apache-maven-repo/org/springframework/boot/spring-boot/1.5.6.RELEASE/spring-boot-1.5.6.RELEASE.jar:/app/apache-maven-repo/org/springframework/boot/spring-boot-autoconfigure/1.5.6.RELEASE/spring-boot-autoconfigure-1.5.6.RELEASE.jar:/app/apache-maven-repo/org/springframework/spring-core/4.3.10.RELEASE/spring-core-4.3.10.RELEASE.jar:/app/apache-maven-repo/org/yaml/snakeyaml/1.17/snakeyaml-1.17.jar:/app/apache-maven-repo/org/springframework/boot/spring-boot-starter-log4j2/1.5.6.RELEASE/spring-boot-starter-log4j2-1.5.6.RELEASE.jar:/app/apache-maven-repo/org/apache/logging/log4j/log4j-slf4j-impl/2.7/log4j-slf4j-impl-2.7.jar:/app/apache-maven-repo/org/apache/logging/log4j/log4j-api/2.7/log4j-api-2.7.jar:/app/apache-maven-repo/org/apache/logging/log4j/log4j-core/2.7/log4j-core-2.7.jar:/app/apache-maven-repo/org/slf4j/jcl-over-slf4j/1.7.25/jcl-over-slf4j-1.7.25.jar:/app/apache-maven-repo/org/slf4j/jul-to-slf4j/1.7.25/jul-to-slf4j-1.7.25.jar:/app/apache-maven-repo/org/springframework/spring-web/4.3.10.RELEASE/spring-web-4.3.10.RELEASE.jar:/app/apache-maven-repo/org/springframework/spring-aop/4.3.10.RELEASE/spring-aop-4.3.10.RELEASE.jar:/app/apache-maven-repo/org/springframework/spring-beans/4.3.10.RELEASE/spring-beans-4.3.10.RELEASE.jar:/app/apache-maven-repo/org/springframework/spring-context/4.3.10.RELEASE/spring-context-4.3.10.RELEASE.jar:/app/apache-maven-repo/org/springframework/spring-expression/4.3.10.RELEASE/spring-expression-4.3.10.RELEASE.jar:/app/apache-maven-repo/com/fasterxml/jackson/core/jackson-databind/2.8.9/jackson-databind-2.8.9.jar:/app/apache-maven-repo/com/fasterxml/jackson/core/jackson-annotations/2.8.0/jackson-annotations-2.8.0.jar:/app/apache-maven-repo/com/fasterxml/jackson/core/jackson-core/2.8.9/jackson-core-2.8.9.jar:/app/apache-mav
Launcher Type: SUN_STANDARD

Environment Variables:
PATH=/usr/bin:/bin:/usr/sbin:/sbin
SHELL=/bin/bash
DISPLAY=/private/tmp/com.apple.launchd.q0S66p69IV/org.macosforge.xquartz:0

Signal Handlers:
SIGSEGV: [libjvm.dylib+0x5a6855], sa_mask[0]=11111111011111110111111111111111, sa_flags=SA_ONSTACK|SA_RESTART|SA_SIGINFO
SIGBUS: [libjvm.dylib+0x5a6855], sa_mask[0]=11111111011111110111111111111111, sa_flags=SA_RESTART|SA_SIGINFO
SIGFPE: [libjvm.dylib+0x4804ec], sa_mask[0]=11111111011111110111111111111111, sa_flags=SA_RESTART|SA_SIGINFO
SIGPIPE: [libjvm.dylib+0x4804ec], sa_mask[0]=11111111011111110111111111111111, sa_flags=SA_RESTART|SA_SIGINFO
SIGXFSZ: [libjvm.dylib+0x4804ec], sa_mask[0]=11111111011111110111111111111111, sa_flags=SA_RESTART|SA_SIGINFO
SIGILL: [libjvm.dylib+0x4804ec], sa_mask[0]=11111111011111110111111111111111, sa_flags=SA_RESTART|SA_SIGINFO
SIGUSR1: SIG_DFL, sa_mask[0]=00000000000000000000000000000000, sa_flags=none
SIGUSR2: [libjvm.dylib+0x48000a], sa_mask[0]=00100000000000000000000000000000, sa_flags=SA_RESTART|SA_SIGINFO
SIGHUP: [libjvm.dylib+0x47e5e1], sa_mask[0]=11111111011111110111111111111111, sa_flags=SA_RESTART|SA_SIGINFO
SIGINT: [libjvm.dylib+0x47e5e1], sa_mask[0]=11111111011111110111111111111111, sa_flags=SA_RESTART|SA_SIGINFO
SIGTERM: [libjvm.dylib+0x47e5e1], sa_mask[0]=11111111011111110111111111111111, sa_flags=SA_RESTART|SA_SIGINFO
SIGQUIT: [libjvm.dylib+0x47e5e1], sa_mask[0]=11111111011111110111111111111111, sa_flags=SA_RESTART|SA_SIGINFO


---------------  S Y S T E M  ---------------

OS:Bsduname:Darwin 14.5.0 Darwin Kernel Version 14.5.0: Sun Jun  4 21:40:08 PDT 2017; root:xnu-2782.70.3~1/RELEASE_X86_64 x86_64
rlimit: STACK 8192k, CORE 0k, NPROC 709, NOFILE 10240, AS infinity
load average:1.75 1.51 1.41

CPU:total 8 (4 cores per cpu, 2 threads per core) family 6 model 70 stepping 1, cmov, cx8, fxsr, mmx, sse, sse2, sse3, ssse3, sse4.1, sse4.2, popcnt, avx, avx2, aes, clmul, erms, rtm, lzcnt, ht, tsc, tscinvbit, bmi1, bmi2

Memory: 4k page, physical 16777216k(430376k free)

/proc/meminfo:


vm_info: Java HotSpot(TM) 64-Bit Server VM (25.74-b02) for bsd-amd64 JRE (1.8.0_74-b02), built on Jan 29 2016 15:32:34 by "java_re" with gcc 4.2.1 (Based on Apple Inc. build 5658) (LLVM build 2336.11.00)

time: Tue Mar 20 13:50:11 2018
elapsed time: 41 seconds (0d 0h 0m 41s)

